<?xml version="1.0" encoding="UTF-8"?>
<testng-results skipped="0" failed="0" total="2" passed="2">
  <reporter-output>
  </reporter-output>
  <suite name="Default suite" duration-ms="12456" started-at="2019-09-19T07:05:51Z" finished-at="2019-09-19T07:06:03Z">
    <groups>
    </groups>
    <test name="Default test" duration-ms="12456" started-at="2019-09-19T07:05:51Z" finished-at="2019-09-19T07:06:03Z">
      <class name="TestNg.TestNgyal2">
        <test-method status="PASS" signature="firsttestingfile1()[pri:0, instance:TestNg.TestNgyal2@cc285f4]" name="firsttestingfile1" duration-ms="1100" started-at="2019-09-19T12:35:59Z" finished-at="2019-09-19T12:36:00Z">
          <reporter-output>
          </reporter-output>
        </test-method> <!-- firsttestingfile1 -->
      </class> <!-- TestNg.TestNgyal2 -->
      <class name="TestNg.TestNgyal">
        <test-method status="PASS" signature="launchBrowser()[pri:0, instance:TestNg.TestNgyal@c038203]" name="launchBrowser" is-config="true" duration-ms="4047" started-at="2019-09-19T12:35:51Z" finished-at="2019-09-19T12:35:55Z">
          <reporter-output>
          </reporter-output>
        </test-method> <!-- launchBrowser -->
        <test-method status="PASS" signature="launchBrowser()[pri:0, instance:TestNg.TestNgyal2@cc285f4]" name="launchBrowser" is-config="true" duration-ms="3730" started-at="2019-09-19T12:35:55Z" finished-at="2019-09-19T12:35:59Z">
          <reporter-output>
          </reporter-output>
        </test-method> <!-- launchBrowser -->
        <test-method status="PASS" signature="firsttestingfile1()[pri:0, instance:TestNg.TestNgyal@c038203]" name="firsttestingfile1" duration-ms="1099" started-at="2019-09-19T12:35:59Z" finished-at="2019-09-19T12:36:00Z">
          <reporter-output>
          </reporter-output>
        </test-method> <!-- firsttestingfile1 -->
        <test-method status="PASS" signature="SecondTest()[pri:0, instance:TestNg.TestNgyal@c038203]" name="SecondTest" is-config="true" duration-ms="1807" started-at="2019-09-19T12:36:00Z" finished-at="2019-09-19T12:36:02Z">
          <reporter-output>
          </reporter-output>
        </test-method> <!-- SecondTest -->
        <test-method status="PASS" signature="SecondTest()[pri:0, instance:TestNg.TestNgyal2@cc285f4]" name="SecondTest" is-config="true" duration-ms="1757" started-at="2019-09-19T12:36:02Z" finished-at="2019-09-19T12:36:03Z">
          <reporter-output>
          </reporter-output>
        </test-method> <!-- SecondTest -->
      </class> <!-- TestNg.TestNgyal -->
    </test> <!-- Default test -->
  </suite> <!-- Default suite -->
</testng-results>
